running develop
running egg_info
creating monitor_position.egg-info
writing monitor_position.egg-info/PKG-INFO
writing dependency_links to monitor_position.egg-info/dependency_links.txt
writing entry points to monitor_position.egg-info/entry_points.txt
writing requirements to monitor_position.egg-info/requires.txt
writing top-level names to monitor_position.egg-info/top_level.txt
writing manifest file 'monitor_position.egg-info/SOURCES.txt'
reading manifest file 'monitor_position.egg-info/SOURCES.txt'
writing manifest file 'monitor_position.egg-info/SOURCES.txt'
running build_ext
Creating /home/xurxo/github/robot_ws/install/monitor_position/lib/python3.10/site-packages/monitor-position.egg-link (link to .)
Installing monitor_position script to /home/xurxo/github/robot_ws/install/monitor_position/lib/monitor_position

Installed /home/xurxo/github/robot_ws/build/monitor_position
running symlink_data
creating /home/xurxo/github/robot_ws/install/monitor_position/share/ament_index
creating /home/xurxo/github/robot_ws/install/monitor_position/share/ament_index/resource_index
creating /home/xurxo/github/robot_ws/install/monitor_position/share/ament_index/resource_index/packages
symbolically linking /home/xurxo/github/robot_ws/build/monitor_position/resource/monitor_position -> /home/xurxo/github/robot_ws/install/monitor_position/share/ament_index/resource_index/packages
symbolically linking /home/xurxo/github/robot_ws/build/monitor_position/package.xml -> /home/xurxo/github/robot_ws/install/monitor_position/share/monitor_position
creating /home/xurxo/github/robot_ws/install/monitor_position/share/monitor_position/launch
symbolically linking /home/xurxo/github/robot_ws/build/monitor_position/launch/monitor_position_launch.py -> /home/xurxo/github/robot_ws/install/monitor_position/share/monitor_position/launch
