[2.556s] Invoking command in '/home/xurxo/github/robot_ws/build/monitor_position': PS1=(.venv) PYTHONPATH=/home/xurxo/github/robot_ws/build/monitor_position/prefix_override:/usr/lib/python3/dist-packages/colcon_core/task/python/colcon_distutils_commands:/home/xurxo/github/robot_ws/install/monitor_position/lib/python3.10/site-packages:${PYTHONPATH} VIRTUAL_ENV_PROMPT=(.venv) /usr/bin/python3 -W ignore:setup.py install is deprecated -W ignore:easy_install command is deprecated setup.py develop --editable --build-directory /home/xurxo/github/robot_ws/build/monitor_position/build --no-deps symlink_data
[3.594s] running develop
[4.281s] running egg_info
[4.281s] creating monitor_position.egg-info
[4.281s] writing monitor_position.egg-info/PKG-INFO
[4.281s] writing dependency_links to monitor_position.egg-info/dependency_links.txt
[4.282s] writing entry points to monitor_position.egg-info/entry_points.txt
[4.282s] writing requirements to monitor_position.egg-info/requires.txt
[4.282s] writing top-level names to monitor_position.egg-info/top_level.txt
[4.282s] writing manifest file 'monitor_position.egg-info/SOURCES.txt'
[4.284s] reading manifest file 'monitor_position.egg-info/SOURCES.txt'
[4.285s] writing manifest file 'monitor_position.egg-info/SOURCES.txt'
[4.293s] running build_ext
[4.293s] Creating /home/xurxo/github/robot_ws/install/monitor_position/lib/python3.10/site-packages/monitor-position.egg-link (link to .)
[4.294s] Installing monitor_position script to /home/xurxo/github/robot_ws/install/monitor_position/lib/monitor_position
[4.295s] 
[4.295s] Installed /home/xurxo/github/robot_ws/build/monitor_position
[4.295s] running symlink_data
[4.295s] creating /home/xurxo/github/robot_ws/install/monitor_position/share/ament_index
[4.295s] creating /home/xurxo/github/robot_ws/install/monitor_position/share/ament_index/resource_index
[4.296s] creating /home/xurxo/github/robot_ws/install/monitor_position/share/ament_index/resource_index/packages
[4.296s] symbolically linking /home/xurxo/github/robot_ws/build/monitor_position/resource/monitor_position -> /home/xurxo/github/robot_ws/install/monitor_position/share/ament_index/resource_index/packages
[4.296s] symbolically linking /home/xurxo/github/robot_ws/build/monitor_position/package.xml -> /home/xurxo/github/robot_ws/install/monitor_position/share/monitor_position
[4.296s] creating /home/xurxo/github/robot_ws/install/monitor_position/share/monitor_position/launch
[4.296s] symbolically linking /home/xurxo/github/robot_ws/build/monitor_position/launch/monitor_position_launch.py -> /home/xurxo/github/robot_ws/install/monitor_position/share/monitor_position/launch
[4.340s] Invoked command in '/home/xurxo/github/robot_ws/build/monitor_position' returned '0': PS1=(.venv) PYTHONPATH=/home/xurxo/github/robot_ws/build/monitor_position/prefix_override:/usr/lib/python3/dist-packages/colcon_core/task/python/colcon_distutils_commands:/home/xurxo/github/robot_ws/install/monitor_position/lib/python3.10/site-packages:${PYTHONPATH} VIRTUAL_ENV_PROMPT=(.venv) /usr/bin/python3 -W ignore:setup.py install is deprecated -W ignore:easy_install command is deprecated setup.py develop --editable --build-directory /home/xurxo/github/robot_ws/build/monitor_position/build --no-deps symlink_data
